AH00558: apache2: Could not reliably determine the server's fully qualified domain name, using 172.27.0.4. Set the 'ServerName' directive globally to suppress this message
[Fri Jun 28 09:44:04.270904 2019] [mpm_prefork:notice] [pid 1] AH00163: Apache/2.4.25 (Debian) PHP/7.2.19 configured -- resuming normal operations
[Fri Jun 28 09:44:04.270952 2019] [core:notice] [pid 1] AH00094: Command line: 'apache2 -D FOREGROUND'
[Fri Jun 28 09:45:06.654184 2019] [mpm_prefork:notice] [pid 1] AH00169: caught SIGTERM, shutting down
AH00558: apache2: Could not reliably determine the server's fully qualified domain name, using 172.27.0.4. Set the 'ServerName' directive globally to suppress this message
[Fri Jun 28 09:45:45.354434 2019] [mpm_prefork:notice] [pid 1] AH00163: Apache/2.4.25 (Debian) PHP/7.2.19 configured -- resuming normal operations
[Fri Jun 28 09:45:45.354488 2019] [core:notice] [pid 1] AH00094: Command line: 'apache2 -D FOREGROUND'
[Fri Jun 28 09:45:47.577513 2019] [mpm_prefork:notice] [pid 1] AH00169: caught SIGTERM, shutting down
AH00558: apache2: Could not reliably determine the server's fully qualified domain name, using 172.27.0.4. Set the 'ServerName' directive globally to suppress this message
[Fri Jun 28 09:49:34.352255 2019] [mpm_prefork:notice] [pid 1] AH00163: Apache/2.4.25 (Debian) PHP/7.2.19 configured -- resuming normal operations
[Fri Jun 28 09:49:34.352308 2019] [core:notice] [pid 1] AH00094: Command line: 'apache2 -D FOREGROUND'
[Fri Jun 28 09:51:18.491197 2019] [mpm_prefork:notice] [pid 1] AH00169: caught SIGTERM, shutting down
AH00558: apache2: Could not reliably determine the server's fully qualified domain name, using 172.27.0.4. Set the 'ServerName' directive globally to suppress this message
[Fri Jun 28 09:51:26.095167 2019] [mpm_prefork:notice] [pid 1] AH00163: Apache/2.4.25 (Debian) PHP/7.2.19 configured -- resuming normal operations
[Fri Jun 28 09:51:26.095260 2019] [core:notice] [pid 1] AH00094: Command line: 'apache2 -D FOREGROUND'
[Fri Jun 28 09:59:35.074033 2019] [mpm_prefork:notice] [pid 1] AH00169: caught SIGTERM, shutting down
AH00558: apache2: Could not reliably determine the server's fully qualified domain name, using 172.27.0.4. Set the 'ServerName' directive globally to suppress this message
[Fri Jun 28 09:59:36.467319 2019] [mpm_prefork:notice] [pid 1] AH00163: Apache/2.4.25 (Debian) PHP/7.2.19 configured -- resuming normal operations
[Fri Jun 28 09:59:36.467370 2019] [core:notice] [pid 1] AH00094: Command line: 'apache2 -D FOREGROUND'
[Fri Jun 28 11:03:16.197994 2019] [mpm_prefork:notice] [pid 1] AH00169: caught SIGTERM, shutting down
AH00558: apache2: Could not reliably determine the server's fully qualified domain name, using 172.27.0.3. Set the 'ServerName' directive globally to suppress this message
[Fri Jun 28 11:03:17.534763 2019] [mpm_prefork:notice] [pid 1] AH00163: Apache/2.4.25 (Debian) PHP/7.2.19 configured -- resuming normal operations
[Fri Jun 28 11:03:17.534805 2019] [core:notice] [pid 1] AH00094: Command line: 'apache2 -D FOREGROUND'
[Fri Jun 28 11:03:57.463107 2019] [mpm_prefork:notice] [pid 1] AH00169: caught SIGTERM, shutting down
AH00558: apache2: Could not reliably determine the server's fully qualified domain name, using 172.27.0.3. Set the 'ServerName' directive globally to suppress this message
[Fri Jun 28 11:03:58.786237 2019] [mpm_prefork:notice] [pid 1] AH00163: Apache/2.4.25 (Debian) PHP/7.2.19 configured -- resuming normal operations
[Fri Jun 28 11:03:58.786288 2019] [core:notice] [pid 1] AH00094: Command line: 'apache2 -D FOREGROUND'
[Fri Jun 28 11:16:23.443687 2019] [mpm_prefork:notice] [pid 1] AH00169: caught SIGTERM, shutting down
AH00558: apache2: Could not reliably determine the server's fully qualified domain name, using 172.27.0.3. Set the 'ServerName' directive globally to suppress this message
[Fri Jun 28 11:16:24.608239 2019] [mpm_prefork:notice] [pid 1] AH00163: Apache/2.4.25 (Debian) PHP/7.2.19 configured -- resuming normal operations
[Fri Jun 28 11:16:24.608293 2019] [core:notice] [pid 1] AH00094: Command line: 'apache2 -D FOREGROUND'
[Fri Jun 28 11:17:28.201838 2019] [mpm_prefork:notice] [pid 1] AH00169: caught SIGTERM, shutting down
AH00558: apache2: Could not reliably determine the server's fully qualified domain name, using 172.27.0.3. Set the 'ServerName' directive globally to suppress this message
[Fri Jun 28 11:18:04.671519 2019] [mpm_prefork:notice] [pid 1] AH00163: Apache/2.4.25 (Debian) PHP/7.2.19 configured -- resuming normal operations
[Fri Jun 28 11:18:04.671583 2019] [core:notice] [pid 1] AH00094: Command line: 'apache2 -D FOREGROUND'
[Fri Jun 28 11:19:43.461633 2019] [mpm_prefork:notice] [pid 1] AH00169: caught SIGTERM, shutting down
AH00558: apache2: Could not reliably determine the server's fully qualified domain name, using 172.27.0.4. Set the 'ServerName' directive globally to suppress this message
[Fri Jun 28 11:23:30.858979 2019] [mpm_prefork:notice] [pid 1] AH00163: Apache/2.4.25 (Debian) PHP/7.2.19 configured -- resuming normal operations
[Fri Jun 28 11:23:30.859199 2019] [core:notice] [pid 1] AH00094: Command line: 'apache2 -D FOREGROUND'
[Fri Jun 28 11:24:11.275485 2019] [mpm_prefork:notice] [pid 1] AH00169: caught SIGTERM, shutting down
AH00558: apache2: Could not reliably determine the server's fully qualified domain name, using 172.28.0.3. Set the 'ServerName' directive globally to suppress this message
[Fri Jun 28 11:26:03.845293 2019] [mpm_prefork:notice] [pid 1] AH00163: Apache/2.4.25 (Debian) PHP/7.2.19 configured -- resuming normal operations
[Fri Jun 28 11:26:03.845367 2019] [core:notice] [pid 1] AH00094: Command line: 'apache2 -D FOREGROUND'
[Fri Jun 28 11:27:28.547051 2019] [mpm_prefork:notice] [pid 1] AH00169: caught SIGTERM, shutting down
AH00558: apache2: Could not reliably determine the server's fully qualified domain name, using 172.30.0.4. Set the 'ServerName' directive globally to suppress this message
[Fri Jun 28 12:50:04.540550 2019] [mpm_prefork:notice] [pid 1] AH00163: Apache/2.4.25 (Debian) PHP/7.2.19 configured -- resuming normal operations
[Fri Jun 28 12:50:04.540608 2019] [core:notice] [pid 1] AH00094: Command line: 'apache2 -D FOREGROUND'
[Fri Jun 28 13:39:48.000627 2019] [mpm_prefork:notice] [pid 1] AH00169: caught SIGTERM, shutting down
AH00558: apache2: Could not reliably determine the server's fully qualified domain name, using 172.30.0.4. Set the 'ServerName' directive globally to suppress this message
[Fri Jun 28 13:39:49.354016 2019] [mpm_prefork:notice] [pid 1] AH00163: Apache/2.4.25 (Debian) PHP/7.2.19 configured -- resuming normal operations
[Fri Jun 28 13:39:49.354062 2019] [core:notice] [pid 1] AH00094: Command line: 'apache2 -D FOREGROUND'
[Fri Jun 28 13:53:58.755474 2019] [mpm_prefork:notice] [pid 1] AH00169: caught SIGTERM, shutting down
AH00558: apache2: Could not reliably determine the server's fully qualified domain name, using 172.30.0.4. Set the 'ServerName' directive globally to suppress this message
[Fri Jun 28 13:54:04.299653 2019] [mpm_prefork:notice] [pid 1] AH00163: Apache/2.4.25 (Debian) PHP/7.2.19 configured -- resuming normal operations
[Fri Jun 28 13:54:04.299707 2019] [core:notice] [pid 1] AH00094: Command line: 'apache2 -D FOREGROUND'
[Fri Jun 28 13:58:09.350712 2019] [mpm_prefork:notice] [pid 1] AH00169: caught SIGTERM, shutting down
AH00558: apache2: Could not reliably determine the server's fully qualified domain name, using 172.30.0.3. Set the 'ServerName' directive globally to suppress this message
[Fri Jun 28 13:58:28.818532 2019] [mpm_prefork:notice] [pid 1] AH00163: Apache/2.4.25 (Debian) PHP/7.2.19 configured -- resuming normal operations
[Fri Jun 28 13:58:28.818720 2019] [core:notice] [pid 1] AH00094: Command line: 'apache2 -D FOREGROUND'
[Fri Jun 28 13:59:45.667768 2019] [mpm_prefork:notice] [pid 1] AH00169: caught SIGTERM, shutting down
AH00558: apache2: Could not reliably determine the server's fully qualified domain name, using 172.30.0.4. Set the 'ServerName' directive globally to suppress this message
[Fri Jun 28 13:59:51.131717 2019] [mpm_prefork:notice] [pid 1] AH00163: Apache/2.4.25 (Debian) PHP/7.2.19 configured -- resuming normal operations
[Fri Jun 28 13:59:51.131770 2019] [core:notice] [pid 1] AH00094: Command line: 'apache2 -D FOREGROUND'
[Fri Jun 28 14:00:54.393738 2019] [mpm_prefork:notice] [pid 1] AH00169: caught SIGTERM, shutting down
AH00558: apache2: Could not reliably determine the server's fully qualified domain name, using 172.30.0.4. Set the 'ServerName' directive globally to suppress this message
[Fri Jun 28 14:01:03.864127 2019] [mpm_prefork:notice] [pid 1] AH00163: Apache/2.4.25 (Debian) PHP/7.2.19 configured -- resuming normal operations
[Fri Jun 28 14:01:03.864177 2019] [core:notice] [pid 1] AH00094: Command line: 'apache2 -D FOREGROUND'
[Fri Jun 28 15:25:30.512330 2019] [mpm_prefork:notice] [pid 1] AH00169: caught SIGTERM, shutting down
AH00558: apache2: Could not reliably determine the server's fully qualified domain name, using 172.30.0.4. Set the 'ServerName' directive globally to suppress this message
[Sun Jun 30 21:29:26.574536 2019] [mpm_prefork:notice] [pid 1] AH00163: Apache/2.4.25 (Debian) PHP/7.2.19 configured -- resuming normal operations
[Sun Jun 30 21:29:26.574919 2019] [core:notice] [pid 1] AH00094: Command line: 'apache2 -D FOREGROUND'
[Sun Jun 30 21:29:34.024827 2019] [mpm_prefork:notice] [pid 1] AH00169: caught SIGTERM, shutting down
AH00558: apache2: Could not reliably determine the server's fully qualified domain name, using 172.30.0.3. Set the 'ServerName' directive globally to suppress this message
[Sun Jun 30 21:37:20.490977 2019] [mpm_prefork:notice] [pid 1] AH00163: Apache/2.4.25 (Debian) PHP/7.2.19 configured -- resuming normal operations
[Sun Jun 30 21:37:20.491355 2019] [core:notice] [pid 1] AH00094: Command line: 'apache2 -D FOREGROUND'
[Mon Jul 01 05:51:31.605130 2019] [mpm_prefork:notice] [pid 1] AH00169: caught SIGTERM, shutting down
